<?xml version="1.0" encoding="UTF-8"?>
<!-- Generated by org.testng.reporters.JUnitReportReporter -->
<testsuite hostname="DESKTOP-MMSR92P" failures="0" tests="1" name="practice.Test.finalmock" time="63.627" errors="0" timestamp="2025-04-11T17:57:14 IST" skipped="0">
  <testcase classname="practice.Test.finalmock" name="ninja" time="63.627"/>
</testsuite> <!-- practice.Test.finalmock -->
