<?xml version="1.0" encoding="UTF-8"?>
<!-- Generated by org.testng.reporters.JUnitReportReporter -->
<testsuite hostname="DESKTOP-MMSR92P" failures="0" tests="2" name="practice.Test.CreateOppertunityAll" time="15.789" errors="0" timestamp="12 Mar 2025 12:59:38 GMT">
  <testcase classname="practice.Test.CreateOppertunityAll" name="CreateOppetunityTest" time="14.519"/>
  <testcase classname="practice.Test.CreateOppertunityAll" name="Create" time="1.270"/>
</testsuite> <!-- practice.Test.CreateOppertunityAll -->
