<?xml version="1.0" encoding="UTF-8"?>
<!-- Generated by org.testng.reporters.JUnitReportReporter -->
<testsuite hostname="DESKTOP-MMSR92P" failures="0" tests="1" name="com.comcast.crm.allcontactTest.CreatecontactTest" time="5.683" errors="0" timestamp="8 Mar 2025 09:55:47 GMT">
  <testcase classname="com.comcast.crm.allcontactTest.CreatecontactTest" name="createContact" time="5.683"/>
</testsuite> <!-- com.comcast.crm.allcontactTest.CreatecontactTest -->
