<?xml version="1.0" encoding="UTF-8"?>
<!-- Generated by org.testng.reporters.JUnitReportReporter -->
<testsuite hostname="DESKTOP-MMSR92P" failures="0" tests="3" name="practice.Test.demotestngTEST2" time="0.013" errors="0" timestamp="10 Mar 2025 12:10:14 GMT">
  <testcase classname="practice.Test.demotestngTEST2" name="disp" time="0.009"/>
  <testcase classname="practice.Test.demotestngTEST2" name="disp2" time="0.002"/>
  <testcase classname="practice.Test.demotestngTEST2" name="disp1" time="0.002"/>
</testsuite> <!-- practice.Test.demotestngTEST2 -->
