<?xml version="1.0" encoding="UTF-8"?>
<!-- Generated by org.testng.reporters.JUnitReportReporter -->
<testsuite hostname="DESKTOP-MMSR92P" failures="0" tests="1" name="practice.Test.OrangeHRM" time="12.635" errors="0" timestamp="2025-03-18T15:27:40 IST" skipped="0">
  <testcase classname="practice.Test.OrangeHRM" name="HRMtest" time="12.635"/>
</testsuite> <!-- practice.Test.OrangeHRM -->
