<?xml version="1.0" encoding="UTF-8"?>
<!-- Generated by org.testng.reporters.JUnitReportReporter -->
<testsuite hostname="DESKTOP-MMSR92P" failures="0" tests="2" name="practice.Test.TestNG_config_annotation" time="0.009" errors="0" timestamp="2025-04-01T11:00:22 IST" skipped="0">
  <testcase classname="practice.Test.TestNG_config_annotation" name="test1" time="0.008"/>
  <testcase classname="practice.Test.TestNG_config_annotation" name="test" time="0.001"/>
</testsuite> <!-- practice.Test.TestNG_config_annotation -->
