<?xml version="1.0" encoding="UTF-8"?>
<!-- Generated by org.testng.reporters.JUnitReportReporter -->
<testsuite hostname="DESKTOP-MMSR92P" failures="0" tests="1" name="practice.Testngpactice2" time="12.899" errors="0" timestamp="27 Feb 2025 11:39:37 GMT">
  <testcase classname="practice.Testngpactice2" name="priceinfoTest" time="12.899"/>
</testsuite> <!-- practice.Testngpactice2 -->
