<?xml version="1.0" encoding="UTF-8"?>
<!-- Generated by org.testng.reporters.JUnitReportReporter -->
<testsuite hostname="DESKTOP-MMSR92P" failures="0" tests="3" name="practice.Test.demotestngTEST4" time="0.001" errors="0" timestamp="10 Mar 2025 12:10:14 GMT">
  <testcase classname="practice.Test.demotestngTEST4" name="disp1" time="0.001"/>
  <testcase classname="practice.Test.demotestngTEST4" name="disp2" time="0.000"/>
  <testcase classname="practice.Test.demotestngTEST4" name="disp" time="0.000"/>
</testsuite> <!-- practice.Test.demotestngTEST4 -->
