<?xml version="1.0" encoding="UTF-8"?>
<!-- Generated by org.testng.reporters.JUnitReportReporter -->
<testsuite hostname="DESKTOP-MMSR92P" failures="0" tests="2" name="practice.Test.demotestngTEST1" time="0.007" errors="0" timestamp="2025-04-09T10:27:49 IST" skipped="1">
  <testcase classname="practice.Test.demotestngTEST1" name="disp" time="0.007">
    <system-out>
      <![CDATA[signup=====> Thread ID is: 1]]>
    </system-out>
  </testcase> <!-- disp -->
  <testcase classname="practice.Test.demotestngTEST1" name="disp1">
    <skipped/>
  </testcase> <!-- disp1 -->
  <system-out>
    <![CDATA[signup=====> Thread ID is: 1]]>
  </system-out>
</testsuite> <!-- practice.Test.demotestngTEST1 -->
