<?xml version="1.0" encoding="UTF-8"?>
<!-- Generated by org.testng.reporters.JUnitReportReporter -->
<testsuite hostname="DESKTOP-MMSR92P" failures="0" tests="1" name="com.comcast.crm.OppertunityTest.CreateOpp_OrgWithAssignedtoTest" time="16.486" errors="0" timestamp="14 Mar 2025 04:57:56 GMT">
  <testcase classname="com.comcast.crm.OppertunityTest.CreateOpp_OrgWithAssignedtoTest" name="CreateOppetunityWithAssignTest" time="16.486"/>
</testsuite> <!-- com.comcast.crm.OppertunityTest.CreateOpp_OrgWithAssignedtoTest -->
