<?xml version="1.0" encoding="UTF-8"?>
<!-- Generated by org.testng.reporters.JUnitReportReporter -->
<testsuite hostname="DESKTOP-MMSR92P" failures="0" tests="1" name="practice.POMBasic_crm_login" time="50.800" errors="0" timestamp="24 Feb 2025 15:08:49 GMT">
  <testcase classname="practice.POMBasic_crm_login" name="loginTest" time="50.800"/>
</testsuite> <!-- practice.POMBasic_crm_login -->
