<?xml version="1.0" encoding="UTF-8"?>
<!-- Generated by org.testng.reporters.JUnitReportReporter -->
<testsuite hostname="DESKTOP-MMSR92P" failures="0" tests="1" name="practice.Test.DDT_Excel" time="0.506" errors="0" timestamp="2025-03-17T13:10:36 IST" skipped="0">
  <testcase classname="practice.Test.DDT_Excel" name="FetchDataFomExcel" time="0.506"/>
</testsuite> <!-- practice.Test.DDT_Excel -->
