<?xml version="1.0" encoding="UTF-8"?>
<!-- Generated by org.testng.reporters.JUnitReportReporter -->
<testsuite hostname="DESKTOP-MMSR92P" failures="0" tests="1" name="practice.Test.RetryInvoiceTEST" time="0.010" errors="0" timestamp="7 Mar 2025 07:30:27 GMT">
  <testcase classname="practice.Test.RetryInvoiceTEST" name="actieSimcard" time="0.010"/>
</testsuite> <!-- practice.Test.RetryInvoiceTEST -->
