<?xml version="1.0" encoding="UTF-8"?>
<!-- Generated by org.testng.reporters.JUnitReportReporter -->
<testsuite hostname="DESKTOP-MMSR92P" failures="0" tests="3" name="practice.Testngpactice" time="58.520" errors="0" timestamp="27 Feb 2025 11:50:25 GMT">
  <testcase classname="practice.Testngpactice" name="priceinfoTest" time="29.069"/>
  <testcase classname="practice.Testngpactice" name="priceinfoTest" time="18.930"/>
  <testcase classname="practice.Testngpactice" name="priceinfoTest" time="10.521"/>
</testsuite> <!-- practice.Testngpactice -->
