<?xml version="1.0" encoding="UTF-8"?>
<!-- Generated by org.testng.reporters.JUnitReportReporter -->
<testsuite hostname="DESKTOP-MMSR92P" failures="0" tests="1" name="com.myscript.OptTest.Dataprovider_from_externalSourceTest" time="4.314" errors="0" timestamp="7 Mar 2025 09:57:21 GMT">
  <testcase classname="com.myscript.OptTest.Dataprovider_from_externalSourceTest" name="DisplayTest" time="4.314"/>
</testsuite> <!-- com.myscript.OptTest.Dataprovider_from_externalSourceTest -->
