<?xml version="1.0" encoding="UTF-8"?>
<!-- Generated by org.testng.reporters.JUnitReportReporter -->
<testsuite hostname="DESKTOP-MMSR92P" failures="0" tests="1" name="practice.xyz" time="0.730" errors="0" timestamp="11 Mar 2025 17:35:09 GMT">
  <testcase classname="practice.xyz" name="FetchDataFromExcel" time="0.730"/>
</testsuite> <!-- practice.xyz -->
