<?xml version="1.0" encoding="UTF-8"?>
<!-- Generated by org.testng.reporters.JUnitReportReporter -->
<testsuite hostname="DESKTOP-MMSR92P" failures="0" tests="3" name="com.comcast.crm.ALLorgTest.CreateOrgTest" time="16.681" errors="0" timestamp="6 Mar 2025 17:13:21 GMT">
  <testcase classname="com.comcast.crm.ALLorgTest.CreateOrgTest" name="OrgwithIndustry" time="5.598"/>
  <testcase classname="com.comcast.crm.ALLorgTest.CreateOrgTest" name="OrgwithPhoneNum" time="5.227"/>
  <testcase classname="com.comcast.crm.ALLorgTest.CreateOrgTest" name="OrgTest" time="5.856"/>
</testsuite> <!-- com.comcast.crm.ALLorgTest.CreateOrgTest -->
