<?xml version="1.0" encoding="UTF-8"?>
<!-- Generated by org.testng.reporters.JUnitReportReporter -->
<testsuite hostname="DESKTOP-MMSR92P" failures="0" tests="1" name="com.myscript.OptTest.CreateOrgTest" time="5.990" errors="0" timestamp="2 Mar 2025 11:33:47 GMT">
  <testcase classname="com.myscript.OptTest.CreateOrgTest" name="orgtest" time="5.990"/>
</testsuite> <!-- com.myscript.OptTest.CreateOrgTest -->
