<?xml version="1.0" encoding="UTF-8"?>
<!-- Generated by org.testng.reporters.JUnitReportReporter -->
<testsuite hostname="DESKTOP-MMSR92P" failures="0" tests="1" name="practice.Test.Newwindows" time="4.344" errors="0" timestamp="2025-04-10T17:03:41 IST" skipped="0">
  <testcase classname="practice.Test.Newwindows" name="simplw" time="4.344"/>
</testsuite> <!-- practice.Test.Newwindows -->
