<?xml version="1.0" encoding="UTF-8"?>
<!-- Generated by org.testng.reporters.JUnitReportReporter -->
<testsuite hostname="DESKTOP-MMSR92P" failures="0" tests="1" name="practice.DPaspropertiesifle" time="1.049" errors="0" timestamp="2 Mar 2025 10:34:47 GMT">
  <testcase classname="practice.DPaspropertiesifle" name="CreateOrgTest" time="1.049"/>
</testsuite> <!-- practice.DPaspropertiesifle -->
