<?xml version="1.0" encoding="UTF-8"?>
<!-- Generated by org.testng.reporters.JUnitReportReporter -->
<testsuite hostname="DESKTOP-MMSR92P" failures="0" tests="1" name="practice.Test.CreateOppoptunityTest" time="10.968" errors="0" timestamp="12 Mar 2025 12:44:06 GMT">
  <testcase classname="practice.Test.CreateOppoptunityTest" name="CreateOppetunityTest" time="10.968"/>
</testsuite> <!-- practice.Test.CreateOppoptunityTest -->
