<?xml version="1.0" encoding="UTF-8"?>
<!-- Generated by org.testng.reporters.JUnitReportReporter -->
<testsuite hostname="DESKTOP-MMSR92P" failures="0" tests="1" name="practice.Test.EXTAAAAAAAAAAAAAAAA" time="43.133" errors="0" timestamp="2025-03-18T17:07:22 IST" skipped="0">
  <testcase classname="practice.Test.EXTAAAAAAAAAAAAAAAA" name="test" time="43.133"/>
</testsuite> <!-- practice.Test.EXTAAAAAAAAAAAAAAAA -->
