<?xml version="1.0" encoding="UTF-8"?>
<!-- Generated by org.testng.reporters.JUnitReportReporter -->
<testsuite hostname="DESKTOP-MMSR92P" failures="0" tests="1" name="practice.Test.SampleReportTest" time="4.048" errors="0" timestamp="10 Mar 2025 10:34:58 GMT">
  <testcase classname="practice.Test.SampleReportTest" name="createTest" time="4.048"/>
</testsuite> <!-- practice.Test.SampleReportTest -->
