<?xml version="1.0" encoding="UTF-8"?>
<!-- Generated by org.testng.reporters.JUnitReportReporter -->
<testsuite hostname="DESKTOP-MMSR92P" failures="0" tests="1" name="practice.Test.DDT_excel_2DArray" time="0.502" errors="0" timestamp="2025-03-17T12:55:25 IST" skipped="0">
  <testcase classname="practice.Test.DDT_excel_2DArray" name="getdataFromExcel" time="0.502"/>
</testsuite> <!-- practice.Test.DDT_excel_2DArray -->
