<?xml version="1.0" encoding="UTF-8"?>
<!-- Generated by org.testng.reporters.JUnitReportReporter -->
<testsuite hostname="DESKTOP-MMSR92P" failures="0" tests="3" name="practice.TestngpacticeFORLOOP3" time="39.956" errors="0" timestamp="27 Feb 2025 12:41:09 GMT">
  <testcase classname="practice.TestngpacticeFORLOOP3" name="priceinfoTest" time="13.627"/>
  <testcase classname="practice.TestngpacticeFORLOOP3" name="priceinfoTest" time="12.744"/>
  <testcase classname="practice.TestngpacticeFORLOOP3" name="priceinfoTest" time="13.585"/>
</testsuite> <!-- practice.TestngpacticeFORLOOP3 -->
